C51 COMPILER V9.53.0.0   I2C                                                               08/18/2015 12:44:24 PAGE 1   


C51 COMPILER V9.53.0.0, COMPILATION OF MODULE I2C
OBJECT MODULE PLACED IN I2C.OBJ
COMPILER INVOKED BY: C:\Keil_v5\C51\BIN\C51.EXE I2C.c OPTIMIZE(8,SPEED) BROWSE DEBUG OBJECTEXTEND TABS(2)

line level    source

   1          #include <I2C.h>
   2          #define true 1
   3          #define false 0
   4          void delay(){
   5   1        _nop_();_nop_();_nop_();_nop_();
   6   1        _nop_();_nop_();_nop_();_nop_();
   7   1      //  _nop_();_nop_();_nop_();_nop_();
   8   1      //  _nop_();_nop_();_nop_();_nop_();
   9   1      //  _nop_();_nop_();_nop_();_nop_();
  10   1      //  _nop_();_nop_();_nop_();_nop_();
  11   1      }
  12          
  13          void i2c_start(){
  14   1        I2C_SDA=1;
  15   1        I2C_SCL=1;
  16   1        delay();
  17   1        I2C_SDA=0;
  18   1        delay();
  19   1        I2C_SCL=0;
  20   1        delay();
  21   1      }
  22          
  23          void i2c_stop(){
  24   1        I2C_SDA=0;
  25   1        I2C_SCL=1;
  26   1        delay();
  27   1        I2C_SDA=1;
  28   1        delay();
  29   1        I2C_SCL=0;
  30   1        delay();
  31   1      }
  32          
  33          void send_0(void){
  34   1        I2C_SDA=0;
  35   1        I2C_SCL=1;
  36   1        delay();
  37   1        I2C_SCL=0;
  38   1        delay();
  39   1      }
  40          
  41          void send_1(void){
  42   1        I2C_SDA=1;
  43   1        I2C_SCL=1;
  44   1        delay();
  45   1        I2C_SCL=0;
  46   1        delay();
  47   1      }
  48          
  49          bit check_ack(void){
  50   1        bit temp;
  51   1        I2C_SDA=1;
  52   1        I2C_SCL=1;
  53   1        delay();
  54   1        temp=I2C_SDA;
  55   1        delay();
C51 COMPILER V9.53.0.0   I2C                                                               08/18/2015 12:44:24 PAGE 2   

  56   1        I2C_SCL=0;
  57   1        delay();
  58   1        if(temp==1){
  59   2          return false;
  60   2        }else{
  61   2          return true;
  62   2        }
  63   1      }
  64          void i2c_ack(){
  65   1        I2C_SDA=0;
  66   1        I2C_SCL=1;
  67   1        delay();
  68   1        I2C_SDA=1;
  69   1        I2C_SCL=0;
  70   1        delay();
  71   1      }
  72          
  73          bit i2c_send_byte(unsigned char c){
  74   1        unsigned char i;
  75   1        for(i=8;i>0;i--){
  76   2          if(c&0x80){
  77   3            send_1();
  78   3          }else{
  79   3            send_0();
  80   3          }
  81   2          c=c<<1;
  82   2        }
  83   1        if(check_ack()){
  84   2          return true;
  85   2        }
  86   1        return false;
  87   1      }
  88          
  89          unsigned char i2c_recv_byte(){
  90   1        unsigned char i,r;
  91   1        bit temp;
  92   1        for(i=8;i>0;i--){
  93   2          I2C_SDA=1;
  94   2          I2C_SCL=1;
  95   2          r=r<<1;
  96   2          delay();
  97   2          temp=I2C_SDA;
  98   2          delay();
  99   2          I2C_SCL=0;
 100   2          if(temp==1)r=r|0x01;
 101   2        }
 102   1        send_0();
 103   1        return r;
 104   1      }
 105          


MODULE INFORMATION:   STATIC OVERLAYABLE
   CODE SIZE        =    161    ----
   CONSTANT SIZE    =   ----    ----
   XDATA SIZE       =   ----    ----
   PDATA SIZE       =   ----    ----
   DATA SIZE        =   ----    ----
   IDATA SIZE       =   ----    ----
   BIT SIZE         =   ----       2
END OF MODULE INFORMATION.


C51 COMPILATION COMPLETE.  0 WARNING(S),  0 ERROR(S)
