C51 COMPILER V9.53.0.0   VISUASCOPE                                                        08/18/2015 12:44:25 PAGE 1   


C51 COMPILER V9.53.0.0, COMPILATION OF MODULE VISUASCOPE
OBJECT MODULE PLACED IN visuaScope.OBJ
COMPILER INVOKED BY: C:\Keil_v5\C51\BIN\C51.EXE visuaScope.c OPTIMIZE(8,SPEED) BROWSE DEBUG OBJECTEXTEND TABS(2)

line level    source

   1          #include <visualScope.h>
   2          
   3          #define CHECK_CRC_16
   4          //#define CHECK_SUM
   5          
   6          #ifdef CHECK_CRC_16 //VisualScope?CRC16??
   7          static u16 RS232_VisualScope_CRC16( u8 *Array, u16 Len )  //CRC??
   8          {
   9   1          u16 USART_IX, USART_IY, USART_CRC;
  10   1      
  11   1          USART_CRC = 0xffff;
  12   1          for(USART_IX=0; USART_IX<Len; USART_IX++)
  13   1          {
  14   2              USART_CRC = USART_CRC^(u16)(Array[USART_IX]);
  15   2              for(USART_IY=0; USART_IY<=7; USART_IY++)
  16   2              {
  17   3                  if((USART_CRC&1)!=0)
  18   3                      USART_CRC = (USART_CRC>>1)^0xA001;
  19   3                  else
  20   3                      USART_CRC = USART_CRC>>1;
  21   3              }
  22   2          }
  23   1          return(USART_CRC);
  24   1      }
  25          #endif
  26          
  27          #ifdef CHECK_SUM  //VisualScope?????
              static u8 RS232_VisualScope_CHKSUM(u8 *Array,u16 Len)
              {
                  u8 sum=0;
                  u8 i=0;
                  for(i=0; i<Len; i++)
                      sum+=Array[i];
                  return sum;
              }
              #endif
  37          
  38          
  39          //??????VisualScope?????
  40          //?????????????
  41          void VisualScope(int16_t CH1,int16_t CH2,int16_t CH3,int16_t CH4)
  42          {
  43   1          u8 i = 0;
  44   1          uint8_t Buffer[10];
  45   1          uint16_t Temp=0;
  46   1      
  47   1          Buffer[0]=CH1&0xff;
  48   1          Buffer[1]=CH1>>8;
  49   1          Buffer[2]=CH2&0xff;;
  50   1          Buffer[3]=CH2>>8;
  51   1          Buffer[4]=CH3&0xff;;
  52   1          Buffer[5]=CH3>>8;
  53   1          Buffer[6]=CH4&0xff;;
  54   1          Buffer[7]=CH4>>8;
  55   1      
C51 COMPILER V9.53.0.0   VISUASCOPE                                                        08/18/2015 12:44:25 PAGE 2   

  56   1      #ifdef CHECK_CRC_16 //VisualScope?CRC16??
  57   1          Temp = RS232_VisualScope_CRC16(Buffer, 8);
  58   1          Buffer[8] = Temp&0x00ff;
  59   1          Buffer[9] = (Temp&0xff00)>>8;
  60   1          for(i=0; i<10; i++)
  61   1          {
  62   2              SBUF=Buffer[i];
  63   2              while(!TI);
  64   2                TI=0;
  65   2          }
  66   1      #endif
  67   1      
  68   1      #ifdef CHECK_SUM  //VisualScope?????
                  Temp = RS232_VisualScope_CHKSUM(Buffer, 8);
                  Buffer[8] = Temp&0x00ff;
              
                  for(i=0; i<9; i++)
                  {
                      SBUF=Buffer[i];
                      while(!TI);
                        TI=0;
                  }
              #endif
  79   1      }


MODULE INFORMATION:   STATIC OVERLAYABLE
   CODE SIZE        =    180    ----
   CONSTANT SIZE    =   ----    ----
   XDATA SIZE       =   ----    ----
   PDATA SIZE       =   ----    ----
   DATA SIZE        =   ----      25
   IDATA SIZE       =   ----    ----
   BIT SIZE         =   ----    ----
END OF MODULE INFORMATION.


C51 COMPILATION COMPLETE.  0 WARNING(S),  0 ERROR(S)
